1 10 20
100 200 125
201 210 89
900 1000 174
10 1 20
200 100 125
210 201 89
1000 900 174
1 10 20
100 200 125
201 210 89
900 1000 174
20 20 8
1 50000 324
100 1 119
100 20000 279
300 3001 217
123456 789012 509
234567 890123 525
345678 901234 525
456789 12345 449
567890 123456 470
678901 234567 509
789012 345678 509
890123 456789 525
901234 567890 525
1 1 1
2 2 2
1 999999 525
132681 365968 443
289586 25567 443
985292 260704 525
533481 897233 525
953894 864452 507
17815 399903 443
637208 860484 525
93306 851925 525
780821 924360 525
792712 768200 437
240063 529204 470
767952 386812 509
89659 437147 449
456812 179714 449
193437 220805 386
962467 374726 525
721942 867048 525
519109 253206 470
690003 907735 525
271979 476869 449
697144 471346 509
282071 95500 443
654193 8769 509
716257 430463 509
26929 542561 470
618206 545302 452
321486 502632 449
728776 763503 424
396207 373155 436
589032 22695 470
146050 965424 525
372019 239197 441
289830 829062 509
251666 359956 441
748804 987716 525
493016 768595 509
803303 913266 525
145814 679216 509
846718 591799 525
475733 790834 509
528296 244969 470
371001 596861 470
942272 191840 525
38835 72181 340
388206 162148 443
252693 75625 443
253157 393403 441
830175 392421 509
847642 528183 525
702267 90486 509
925816 326925 525
482317 12823 449
864504 636361 525
618578 453242 470
860043 540945 525
317588 423137 449
352820 899568 525
454849 304000 449
493183 310113 449
590895 3195 470
971305 513683 525
753773 904630 525
750548 565136 509
669890 575207 509
653770 259519 509
890547 281412 525
202328 724875 509
845870 6299 525
114875 862479 525
349464 532522 470
446043 654821 509
